ERROR - 2022-11-30 04:29:05 --> mysqli_sql_exception: Duplicate entry 'd.vader@theempire.com' for key 'email' in C:\xampp\htdocs\vedatrix\system\Database\MySQLi\Connection.php:292
Stack trace:
#0 C:\xampp\htdocs\vedatrix\system\Database\MySQLi\Connection.php(292): mysqli->query('INSERT INTO `co...', 0)
#1 C:\xampp\htdocs\vedatrix\system\Database\BaseConnection.php(666): CodeIgniter\Database\MySQLi\Connection->execute('INSERT INTO `co...')
#2 C:\xampp\htdocs\vedatrix\system\Database\BaseConnection.php(593): CodeIgniter\Database\BaseConnection->simpleQuery('INSERT INTO `co...')
#3 C:\xampp\htdocs\vedatrix\system\Database\BaseBuilder.php(1916): CodeIgniter\Database\BaseConnection->query('INSERT INTO `co...', Array, false)
#4 C:\xampp\htdocs\vedatrix\system\Model.php(279): CodeIgniter\Database\BaseBuilder->insert()
#5 C:\xampp\htdocs\vedatrix\system\BaseModel.php(749): CodeIgniter\Model->doInsert(Array)
#6 C:\xampp\htdocs\vedatrix\system\Model.php(667): CodeIgniter\BaseModel->insert(Array, false)
#7 C:\xampp\htdocs\vedatrix\app\Controllers\Myhome.php(25): CodeIgniter\Model->insert(Array, false)
#8 C:\xampp\htdocs\vedatrix\system\CodeIgniter.php(927): App\Controllers\Myhome->createContact()
#9 C:\xampp\htdocs\vedatrix\system\CodeIgniter.php(482): CodeIgniter\CodeIgniter->runController(Object(App\Controllers\Myhome))
#10 C:\xampp\htdocs\vedatrix\system\CodeIgniter.php(351): CodeIgniter\CodeIgniter->handleRequest(NULL, Object(Config\Cache), false)
#11 C:\xampp\htdocs\vedatrix\public\index.php(67): CodeIgniter\CodeIgniter->run()
#12 C:\xampp\htdocs\vedatrix\system\Commands\Server\rewrite.php(46): require_once('C:\\xampp\\htdocs...')
#13 {main}
CRITICAL - 2022-11-30 04:29:05 --> Duplicate entry 'd.vader@theempire.com' for key 'email'
in SYSTEMPATH\Database\MySQLi\Connection.php on line 292.
 1 SYSTEMPATH\Database\MySQLi\Connection.php(292): mysqli->query('INSERT INTO `contact` (`name`, `email`, `phone`, `message`) VALUES (\'darth\', \'d.vader@theempire.com\', \'d.vader@theempire.com\', \'hi\')', 0)
 2 SYSTEMPATH\Database\BaseConnection.php(666): CodeIgniter\Database\MySQLi\Connection->execute('INSERT INTO `contact` (`name`, `email`, `phone`, `message`) VALUES (\'darth\', \'d.vader@theempire.com\', \'d.vader@theempire.com\', \'hi\')')
 3 SYSTEMPATH\Database\BaseConnection.php(593): CodeIgniter\Database\BaseConnection->simpleQuery('INSERT INTO `contact` (`name`, `email`, `phone`, `message`) VALUES (\'darth\', \'d.vader@theempire.com\', \'d.vader@theempire.com\', \'hi\')')
 4 SYSTEMPATH\Database\BaseBuilder.php(1916): CodeIgniter\Database\BaseConnection->query('INSERT INTO `contact` (`name`, `email`, `phone`, `message`) VALUES (:name:, :email:, :phone:, :message:)', [...], false)
 5 SYSTEMPATH\Model.php(279): CodeIgniter\Database\BaseBuilder->insert()
 6 SYSTEMPATH\BaseModel.php(749): CodeIgniter\Model->doInsert([...])
 7 SYSTEMPATH\Model.php(667): CodeIgniter\BaseModel->insert([...], false)
 8 APPPATH\Controllers\Myhome.php(25): CodeIgniter\Model->insert([...], false)
 9 SYSTEMPATH\CodeIgniter.php(927): App\Controllers\Myhome->createContact()
10 SYSTEMPATH\CodeIgniter.php(482): CodeIgniter\CodeIgniter->runController(Object(App\Controllers\Myhome))
11 SYSTEMPATH\CodeIgniter.php(351): CodeIgniter\CodeIgniter->handleRequest(null, Object(Config\Cache), false)
12 FCPATH\index.php(67): CodeIgniter\CodeIgniter->run()
13 SYSTEMPATH\Commands\Server\rewrite.php(46): require_once('FCPATH\\index.php')
ERROR - 2022-11-30 04:29:52 --> mysqli_sql_exception: Duplicate entry 'd.vader@theempire.com' for key 'email' in C:\xampp\htdocs\vedatrix\system\Database\MySQLi\Connection.php:292
Stack trace:
#0 C:\xampp\htdocs\vedatrix\system\Database\MySQLi\Connection.php(292): mysqli->query('INSERT INTO `co...', 0)
#1 C:\xampp\htdocs\vedatrix\system\Database\BaseConnection.php(666): CodeIgniter\Database\MySQLi\Connection->execute('INSERT INTO `co...')
#2 C:\xampp\htdocs\vedatrix\system\Database\BaseConnection.php(593): CodeIgniter\Database\BaseConnection->simpleQuery('INSERT INTO `co...')
#3 C:\xampp\htdocs\vedatrix\system\Database\BaseBuilder.php(1916): CodeIgniter\Database\BaseConnection->query('INSERT INTO `co...', Array, false)
#4 C:\xampp\htdocs\vedatrix\system\Model.php(279): CodeIgniter\Database\BaseBuilder->insert()
#5 C:\xampp\htdocs\vedatrix\system\BaseModel.php(749): CodeIgniter\Model->doInsert(Array)
#6 C:\xampp\htdocs\vedatrix\system\Model.php(667): CodeIgniter\BaseModel->insert(Array, false)
#7 C:\xampp\htdocs\vedatrix\app\Controllers\Myhome.php(25): CodeIgniter\Model->insert(Array, false)
#8 C:\xampp\htdocs\vedatrix\system\CodeIgniter.php(927): App\Controllers\Myhome->createContact()
#9 C:\xampp\htdocs\vedatrix\system\CodeIgniter.php(482): CodeIgniter\CodeIgniter->runController(Object(App\Controllers\Myhome))
#10 C:\xampp\htdocs\vedatrix\system\CodeIgniter.php(351): CodeIgniter\CodeIgniter->handleRequest(NULL, Object(Config\Cache), false)
#11 C:\xampp\htdocs\vedatrix\public\index.php(67): CodeIgniter\CodeIgniter->run()
#12 C:\xampp\htdocs\vedatrix\system\Commands\Server\rewrite.php(46): require_once('C:\\xampp\\htdocs...')
#13 {main}
CRITICAL - 2022-11-30 04:29:52 --> Duplicate entry 'd.vader@theempire.com' for key 'email'
in SYSTEMPATH\Database\MySQLi\Connection.php on line 292.
 1 SYSTEMPATH\Database\MySQLi\Connection.php(292): mysqli->query('INSERT INTO `contact` (`name`, `email`, `phone`, `message`) VALUES (\'darth\', \'d.vader@theempire.com\', \'d.vader@theempire.com\', \'hi\')', 0)
 2 SYSTEMPATH\Database\BaseConnection.php(666): CodeIgniter\Database\MySQLi\Connection->execute('INSERT INTO `contact` (`name`, `email`, `phone`, `message`) VALUES (\'darth\', \'d.vader@theempire.com\', \'d.vader@theempire.com\', \'hi\')')
 3 SYSTEMPATH\Database\BaseConnection.php(593): CodeIgniter\Database\BaseConnection->simpleQuery('INSERT INTO `contact` (`name`, `email`, `phone`, `message`) VALUES (\'darth\', \'d.vader@theempire.com\', \'d.vader@theempire.com\', \'hi\')')
 4 SYSTEMPATH\Database\BaseBuilder.php(1916): CodeIgniter\Database\BaseConnection->query('INSERT INTO `contact` (`name`, `email`, `phone`, `message`) VALUES (:name:, :email:, :phone:, :message:)', [...], false)
 5 SYSTEMPATH\Model.php(279): CodeIgniter\Database\BaseBuilder->insert()
 6 SYSTEMPATH\BaseModel.php(749): CodeIgniter\Model->doInsert([...])
 7 SYSTEMPATH\Model.php(667): CodeIgniter\BaseModel->insert([...], false)
 8 APPPATH\Controllers\Myhome.php(25): CodeIgniter\Model->insert([...], false)
 9 SYSTEMPATH\CodeIgniter.php(927): App\Controllers\Myhome->createContact()
10 SYSTEMPATH\CodeIgniter.php(482): CodeIgniter\CodeIgniter->runController(Object(App\Controllers\Myhome))
11 SYSTEMPATH\CodeIgniter.php(351): CodeIgniter\CodeIgniter->handleRequest(null, Object(Config\Cache), false)
12 FCPATH\index.php(67): CodeIgniter\CodeIgniter->run()
13 SYSTEMPATH\Commands\Server\rewrite.php(46): require_once('FCPATH\\index.php')
ERROR - 2022-11-30 04:30:27 --> mysqli_sql_exception: Duplicate entry 'd.vader@theempire.com' for key 'email' in C:\xampp\htdocs\vedatrix\system\Database\MySQLi\Connection.php:292
Stack trace:
#0 C:\xampp\htdocs\vedatrix\system\Database\MySQLi\Connection.php(292): mysqli->query('INSERT INTO `co...', 0)
#1 C:\xampp\htdocs\vedatrix\system\Database\BaseConnection.php(666): CodeIgniter\Database\MySQLi\Connection->execute('INSERT INTO `co...')
#2 C:\xampp\htdocs\vedatrix\system\Database\BaseConnection.php(593): CodeIgniter\Database\BaseConnection->simpleQuery('INSERT INTO `co...')
#3 C:\xampp\htdocs\vedatrix\system\Database\BaseBuilder.php(1916): CodeIgniter\Database\BaseConnection->query('INSERT INTO `co...', Array, false)
#4 C:\xampp\htdocs\vedatrix\system\Model.php(279): CodeIgniter\Database\BaseBuilder->insert()
#5 C:\xampp\htdocs\vedatrix\system\BaseModel.php(749): CodeIgniter\Model->doInsert(Array)
#6 C:\xampp\htdocs\vedatrix\system\Model.php(667): CodeIgniter\BaseModel->insert(Array, false)
#7 C:\xampp\htdocs\vedatrix\app\Controllers\Myhome.php(25): CodeIgniter\Model->insert(Array, false)
#8 C:\xampp\htdocs\vedatrix\system\CodeIgniter.php(927): App\Controllers\Myhome->createContact()
#9 C:\xampp\htdocs\vedatrix\system\CodeIgniter.php(482): CodeIgniter\CodeIgniter->runController(Object(App\Controllers\Myhome))
#10 C:\xampp\htdocs\vedatrix\system\CodeIgniter.php(351): CodeIgniter\CodeIgniter->handleRequest(NULL, Object(Config\Cache), false)
#11 C:\xampp\htdocs\vedatrix\public\index.php(67): CodeIgniter\CodeIgniter->run()
#12 C:\xampp\htdocs\vedatrix\system\Commands\Server\rewrite.php(46): require_once('C:\\xampp\\htdocs...')
#13 {main}
CRITICAL - 2022-11-30 04:30:27 --> Duplicate entry 'd.vader@theempire.com' for key 'email'
in SYSTEMPATH\Database\MySQLi\Connection.php on line 292.
 1 SYSTEMPATH\Database\MySQLi\Connection.php(292): mysqli->query('INSERT INTO `contact` (`name`, `email`, `phone`, `message`) VALUES (\'darth\', \'d.vader@theempire.com\', \'d.vader@theempire.com\', \'hi\')', 0)
 2 SYSTEMPATH\Database\BaseConnection.php(666): CodeIgniter\Database\MySQLi\Connection->execute('INSERT INTO `contact` (`name`, `email`, `phone`, `message`) VALUES (\'darth\', \'d.vader@theempire.com\', \'d.vader@theempire.com\', \'hi\')')
 3 SYSTEMPATH\Database\BaseConnection.php(593): CodeIgniter\Database\BaseConnection->simpleQuery('INSERT INTO `contact` (`name`, `email`, `phone`, `message`) VALUES (\'darth\', \'d.vader@theempire.com\', \'d.vader@theempire.com\', \'hi\')')
 4 SYSTEMPATH\Database\BaseBuilder.php(1916): CodeIgniter\Database\BaseConnection->query('INSERT INTO `contact` (`name`, `email`, `phone`, `message`) VALUES (:name:, :email:, :phone:, :message:)', [...], false)
 5 SYSTEMPATH\Model.php(279): CodeIgniter\Database\BaseBuilder->insert()
 6 SYSTEMPATH\BaseModel.php(749): CodeIgniter\Model->doInsert([...])
 7 SYSTEMPATH\Model.php(667): CodeIgniter\BaseModel->insert([...], false)
 8 APPPATH\Controllers\Myhome.php(25): CodeIgniter\Model->insert([...], false)
 9 SYSTEMPATH\CodeIgniter.php(927): App\Controllers\Myhome->createContact()
10 SYSTEMPATH\CodeIgniter.php(482): CodeIgniter\CodeIgniter->runController(Object(App\Controllers\Myhome))
11 SYSTEMPATH\CodeIgniter.php(351): CodeIgniter\CodeIgniter->handleRequest(null, Object(Config\Cache), false)
12 FCPATH\index.php(67): CodeIgniter\CodeIgniter->run()
13 SYSTEMPATH\Commands\Server\rewrite.php(46): require_once('FCPATH\\index.php')
ERROR - 2022-11-30 04:45:11 --> mysqli_sql_exception: Duplicate entry 'rahul@gmail.com' for key 'email' in C:\xampp\htdocs\vedatrix\system\Database\MySQLi\Connection.php:292
Stack trace:
#0 C:\xampp\htdocs\vedatrix\system\Database\MySQLi\Connection.php(292): mysqli->query('INSERT INTO `co...', 0)
#1 C:\xampp\htdocs\vedatrix\system\Database\BaseConnection.php(666): CodeIgniter\Database\MySQLi\Connection->execute('INSERT INTO `co...')
#2 C:\xampp\htdocs\vedatrix\system\Database\BaseConnection.php(593): CodeIgniter\Database\BaseConnection->simpleQuery('INSERT INTO `co...')
#3 C:\xampp\htdocs\vedatrix\system\Database\BaseBuilder.php(1916): CodeIgniter\Database\BaseConnection->query('INSERT INTO `co...', Array, false)
#4 C:\xampp\htdocs\vedatrix\system\Model.php(279): CodeIgniter\Database\BaseBuilder->insert()
#5 C:\xampp\htdocs\vedatrix\system\BaseModel.php(749): CodeIgniter\Model->doInsert(Array)
#6 C:\xampp\htdocs\vedatrix\system\Model.php(667): CodeIgniter\BaseModel->insert(Array, false)
#7 C:\xampp\htdocs\vedatrix\app\Controllers\Myhome.php(25): CodeIgniter\Model->insert(Array, false)
#8 C:\xampp\htdocs\vedatrix\system\CodeIgniter.php(927): App\Controllers\Myhome->createContact()
#9 C:\xampp\htdocs\vedatrix\system\CodeIgniter.php(482): CodeIgniter\CodeIgniter->runController(Object(App\Controllers\Myhome))
#10 C:\xampp\htdocs\vedatrix\system\CodeIgniter.php(351): CodeIgniter\CodeIgniter->handleRequest(NULL, Object(Config\Cache), false)
#11 C:\xampp\htdocs\vedatrix\public\index.php(67): CodeIgniter\CodeIgniter->run()
#12 C:\xampp\htdocs\vedatrix\system\Commands\Server\rewrite.php(46): require_once('C:\\xampp\\htdocs...')
#13 {main}
CRITICAL - 2022-11-30 04:45:11 --> Duplicate entry 'rahul@gmail.com' for key 'email'
in SYSTEMPATH\Database\MySQLi\Connection.php on line 292.
 1 SYSTEMPATH\Database\MySQLi\Connection.php(292): mysqli->query('INSERT INTO `contact` (`name`, `email`, `phone`, `message`) VALUES (\'dsfd\', \'rahul@gmail.com\', \'654654\', \'hijijfd Message \')', 0)
 2 SYSTEMPATH\Database\BaseConnection.php(666): CodeIgniter\Database\MySQLi\Connection->execute('INSERT INTO `contact` (`name`, `email`, `phone`, `message`) VALUES (\'dsfd\', \'rahul@gmail.com\', \'654654\', \'hijijfd Message \')')
 3 SYSTEMPATH\Database\BaseConnection.php(593): CodeIgniter\Database\BaseConnection->simpleQuery('INSERT INTO `contact` (`name`, `email`, `phone`, `message`) VALUES (\'dsfd\', \'rahul@gmail.com\', \'654654\', \'hijijfd Message \')')
 4 SYSTEMPATH\Database\BaseBuilder.php(1916): CodeIgniter\Database\BaseConnection->query('INSERT INTO `contact` (`name`, `email`, `phone`, `message`) VALUES (:name:, :email:, :phone:, :message:)', [...], false)
 5 SYSTEMPATH\Model.php(279): CodeIgniter\Database\BaseBuilder->insert()
 6 SYSTEMPATH\BaseModel.php(749): CodeIgniter\Model->doInsert([...])
 7 SYSTEMPATH\Model.php(667): CodeIgniter\BaseModel->insert([...], false)
 8 APPPATH\Controllers\Myhome.php(25): CodeIgniter\Model->insert([...], false)
 9 SYSTEMPATH\CodeIgniter.php(927): App\Controllers\Myhome->createContact()
10 SYSTEMPATH\CodeIgniter.php(482): CodeIgniter\CodeIgniter->runController(Object(App\Controllers\Myhome))
11 SYSTEMPATH\CodeIgniter.php(351): CodeIgniter\CodeIgniter->handleRequest(null, Object(Config\Cache), false)
12 FCPATH\index.php(67): CodeIgniter\CodeIgniter->run()
13 SYSTEMPATH\Commands\Server\rewrite.php(46): require_once('FCPATH\\index.php')
ERROR - 2022-11-30 04:47:39 --> mysqli_sql_exception: Duplicate entry 'rahul@gmail.com' for key 'email' in C:\xampp\htdocs\vedatrix\system\Database\MySQLi\Connection.php:292
Stack trace:
#0 C:\xampp\htdocs\vedatrix\system\Database\MySQLi\Connection.php(292): mysqli->query('INSERT INTO `co...', 0)
#1 C:\xampp\htdocs\vedatrix\system\Database\BaseConnection.php(666): CodeIgniter\Database\MySQLi\Connection->execute('INSERT INTO `co...')
#2 C:\xampp\htdocs\vedatrix\system\Database\BaseConnection.php(593): CodeIgniter\Database\BaseConnection->simpleQuery('INSERT INTO `co...')
#3 C:\xampp\htdocs\vedatrix\system\Database\BaseBuilder.php(1916): CodeIgniter\Database\BaseConnection->query('INSERT INTO `co...', Array, false)
#4 C:\xampp\htdocs\vedatrix\system\Model.php(279): CodeIgniter\Database\BaseBuilder->insert()
#5 C:\xampp\htdocs\vedatrix\system\BaseModel.php(749): CodeIgniter\Model->doInsert(Array)
#6 C:\xampp\htdocs\vedatrix\system\Model.php(667): CodeIgniter\BaseModel->insert(Array, false)
#7 C:\xampp\htdocs\vedatrix\app\Controllers\Myhome.php(26): CodeIgniter\Model->insert(Array, false)
#8 C:\xampp\htdocs\vedatrix\system\CodeIgniter.php(927): App\Controllers\Myhome->createContact()
#9 C:\xampp\htdocs\vedatrix\system\CodeIgniter.php(482): CodeIgniter\CodeIgniter->runController(Object(App\Controllers\Myhome))
#10 C:\xampp\htdocs\vedatrix\system\CodeIgniter.php(351): CodeIgniter\CodeIgniter->handleRequest(NULL, Object(Config\Cache), false)
#11 C:\xampp\htdocs\vedatrix\public\index.php(67): CodeIgniter\CodeIgniter->run()
#12 C:\xampp\htdocs\vedatrix\system\Commands\Server\rewrite.php(46): require_once('C:\\xampp\\htdocs...')
#13 {main}
CRITICAL - 2022-11-30 04:53:25 --> Undefined variable $msg
in APPPATH\Views\templates\home.php on line 228.
 1 APPPATH\Views\templates\home.php(228): CodeIgniter\Debug\Exceptions->errorHandler(2, 'Undefined variable $msg', 'APPPATH\\Views\\templates\\home.php', 228)
 2 SYSTEMPATH\View\View.php(213): include('APPPATH\\Views\\templates\\home.php')
 3 SYSTEMPATH\View\View.php(216): CodeIgniter\View\View->CodeIgniter\View\{closure}()
 4 SYSTEMPATH\Common.php(1134): CodeIgniter\View\View->render('templates/home', [], true)
 5 APPPATH\Controllers\Myhome.php(11): view('templates/home')
 6 SYSTEMPATH\CodeIgniter.php(927): App\Controllers\Myhome->index()
 7 SYSTEMPATH\CodeIgniter.php(482): CodeIgniter\CodeIgniter->runController(Object(App\Controllers\Myhome))
 8 SYSTEMPATH\CodeIgniter.php(351): CodeIgniter\CodeIgniter->handleRequest(null, Object(Config\Cache), false)
 9 FCPATH\index.php(67): CodeIgniter\CodeIgniter->run()
10 SYSTEMPATH\Commands\Server\rewrite.php(46): require_once('FCPATH\\index.php')
CRITICAL - 2022-11-30 04:54:37 --> Undefined variable $msg
in APPPATH\Views\templates\home.php on line 228.
 1 APPPATH\Views\templates\home.php(228): CodeIgniter\Debug\Exceptions->errorHandler(2, 'Undefined variable $msg', 'APPPATH\\Views\\templates\\home.php', 228)
 2 SYSTEMPATH\View\View.php(213): include('APPPATH\\Views\\templates\\home.php')
 3 SYSTEMPATH\View\View.php(216): CodeIgniter\View\View->CodeIgniter\View\{closure}()
 4 SYSTEMPATH\Common.php(1134): CodeIgniter\View\View->render('templates/home', [], true)
 5 APPPATH\Controllers\Myhome.php(11): view('templates/home')
 6 SYSTEMPATH\CodeIgniter.php(927): App\Controllers\Myhome->index()
 7 SYSTEMPATH\CodeIgniter.php(482): CodeIgniter\CodeIgniter->runController(Object(App\Controllers\Myhome))
 8 SYSTEMPATH\CodeIgniter.php(351): CodeIgniter\CodeIgniter->handleRequest(null, Object(Config\Cache), false)
 9 FCPATH\index.php(67): CodeIgniter\CodeIgniter->run()
10 SYSTEMPATH\Commands\Server\rewrite.php(46): require_once('FCPATH\\index.php')
CRITICAL - 2022-11-30 04:54:38 --> Undefined variable $msg
in APPPATH\Views\templates\home.php on line 228.
 1 APPPATH\Views\templates\home.php(228): CodeIgniter\Debug\Exceptions->errorHandler(2, 'Undefined variable $msg', 'APPPATH\\Views\\templates\\home.php', 228)
 2 SYSTEMPATH\View\View.php(213): include('APPPATH\\Views\\templates\\home.php')
 3 SYSTEMPATH\View\View.php(216): CodeIgniter\View\View->CodeIgniter\View\{closure}()
 4 SYSTEMPATH\Common.php(1134): CodeIgniter\View\View->render('templates/home', [], true)
 5 APPPATH\Controllers\Myhome.php(11): view('templates/home')
 6 SYSTEMPATH\CodeIgniter.php(927): App\Controllers\Myhome->index()
 7 SYSTEMPATH\CodeIgniter.php(482): CodeIgniter\CodeIgniter->runController(Object(App\Controllers\Myhome))
 8 SYSTEMPATH\CodeIgniter.php(351): CodeIgniter\CodeIgniter->handleRequest(null, Object(Config\Cache), false)
 9 FCPATH\index.php(67): CodeIgniter\CodeIgniter->run()
10 SYSTEMPATH\Commands\Server\rewrite.php(46): require_once('FCPATH\\index.php')
CRITICAL - 2022-11-30 04:54:54 --> Undefined variable $msg
in APPPATH\Views\templates\home.php on line 228.
 1 APPPATH\Views\templates\home.php(228): CodeIgniter\Debug\Exceptions->errorHandler(2, 'Undefined variable $msg', 'APPPATH\\Views\\templates\\home.php', 228)
 2 SYSTEMPATH\View\View.php(213): include('APPPATH\\Views\\templates\\home.php')
 3 SYSTEMPATH\View\View.php(216): CodeIgniter\View\View->CodeIgniter\View\{closure}()
 4 SYSTEMPATH\Common.php(1134): CodeIgniter\View\View->render('templates/home', [], true)
 5 APPPATH\Controllers\Myhome.php(11): view('templates/home')
 6 SYSTEMPATH\CodeIgniter.php(927): App\Controllers\Myhome->index()
 7 SYSTEMPATH\CodeIgniter.php(482): CodeIgniter\CodeIgniter->runController(Object(App\Controllers\Myhome))
 8 SYSTEMPATH\CodeIgniter.php(351): CodeIgniter\CodeIgniter->handleRequest(null, Object(Config\Cache), false)
 9 FCPATH\index.php(67): CodeIgniter\CodeIgniter->run()
10 SYSTEMPATH\Commands\Server\rewrite.php(46): require_once('FCPATH\\index.php')
CRITICAL - 2022-11-30 04:58:29 --> Undefined variable $msg
in APPPATH\Views\templates\home.php on line 228.
 1 APPPATH\Views\templates\home.php(228): CodeIgniter\Debug\Exceptions->errorHandler(2, 'Undefined variable $msg', 'APPPATH\\Views\\templates\\home.php', 228)
 2 SYSTEMPATH\View\View.php(213): include('APPPATH\\Views\\templates\\home.php')
 3 SYSTEMPATH\View\View.php(216): CodeIgniter\View\View->CodeIgniter\View\{closure}()
 4 SYSTEMPATH\Common.php(1134): CodeIgniter\View\View->render('templates/home', [], true)
 5 APPPATH\Controllers\Myhome.php(11): view('templates/home')
 6 SYSTEMPATH\CodeIgniter.php(927): App\Controllers\Myhome->index()
 7 SYSTEMPATH\CodeIgniter.php(482): CodeIgniter\CodeIgniter->runController(Object(App\Controllers\Myhome))
 8 SYSTEMPATH\CodeIgniter.php(351): CodeIgniter\CodeIgniter->handleRequest(null, Object(Config\Cache), false)
 9 FCPATH\index.php(67): CodeIgniter\CodeIgniter->run()
10 SYSTEMPATH\Commands\Server\rewrite.php(46): require_once('FCPATH\\index.php')
CRITICAL - 2022-11-30 04:59:23 --> Undefined variable $msg
in APPPATH\Views\templates\home.php on line 228.
 1 APPPATH\Views\templates\home.php(228): CodeIgniter\Debug\Exceptions->errorHandler(2, 'Undefined variable $msg', 'APPPATH\\Views\\templates\\home.php', 228)
 2 SYSTEMPATH\View\View.php(213): include('APPPATH\\Views\\templates\\home.php')
 3 SYSTEMPATH\View\View.php(216): CodeIgniter\View\View->CodeIgniter\View\{closure}()
 4 SYSTEMPATH\Common.php(1134): CodeIgniter\View\View->render('templates/home', [], true)
 5 APPPATH\Controllers\Myhome.php(11): view('templates/home')
 6 SYSTEMPATH\CodeIgniter.php(927): App\Controllers\Myhome->index()
 7 SYSTEMPATH\CodeIgniter.php(482): CodeIgniter\CodeIgniter->runController(Object(App\Controllers\Myhome))
 8 SYSTEMPATH\CodeIgniter.php(351): CodeIgniter\CodeIgniter->handleRequest(null, Object(Config\Cache), false)
 9 FCPATH\index.php(67): CodeIgniter\CodeIgniter->run()
10 SYSTEMPATH\Commands\Server\rewrite.php(46): require_once('FCPATH\\index.php')
CRITICAL - 2022-11-30 04:59:24 --> Undefined variable $msg
in APPPATH\Views\templates\home.php on line 228.
 1 APPPATH\Views\templates\home.php(228): CodeIgniter\Debug\Exceptions->errorHandler(2, 'Undefined variable $msg', 'APPPATH\\Views\\templates\\home.php', 228)
 2 SYSTEMPATH\View\View.php(213): include('APPPATH\\Views\\templates\\home.php')
 3 SYSTEMPATH\View\View.php(216): CodeIgniter\View\View->CodeIgniter\View\{closure}()
 4 SYSTEMPATH\Common.php(1134): CodeIgniter\View\View->render('templates/home', [], true)
 5 APPPATH\Controllers\Myhome.php(11): view('templates/home')
 6 SYSTEMPATH\CodeIgniter.php(927): App\Controllers\Myhome->index()
 7 SYSTEMPATH\CodeIgniter.php(482): CodeIgniter\CodeIgniter->runController(Object(App\Controllers\Myhome))
 8 SYSTEMPATH\CodeIgniter.php(351): CodeIgniter\CodeIgniter->handleRequest(null, Object(Config\Cache), false)
 9 FCPATH\index.php(67): CodeIgniter\CodeIgniter->run()
10 SYSTEMPATH\Commands\Server\rewrite.php(46): require_once('FCPATH\\index.php')
CRITICAL - 2022-11-30 04:59:24 --> Undefined variable $msg
in APPPATH\Views\templates\home.php on line 228.
 1 APPPATH\Views\templates\home.php(228): CodeIgniter\Debug\Exceptions->errorHandler(2, 'Undefined variable $msg', 'APPPATH\\Views\\templates\\home.php', 228)
 2 SYSTEMPATH\View\View.php(213): include('APPPATH\\Views\\templates\\home.php')
 3 SYSTEMPATH\View\View.php(216): CodeIgniter\View\View->CodeIgniter\View\{closure}()
 4 SYSTEMPATH\Common.php(1134): CodeIgniter\View\View->render('templates/home', [], true)
 5 APPPATH\Controllers\Myhome.php(11): view('templates/home')
 6 SYSTEMPATH\CodeIgniter.php(927): App\Controllers\Myhome->index()
 7 SYSTEMPATH\CodeIgniter.php(482): CodeIgniter\CodeIgniter->runController(Object(App\Controllers\Myhome))
 8 SYSTEMPATH\CodeIgniter.php(351): CodeIgniter\CodeIgniter->handleRequest(null, Object(Config\Cache), false)
 9 FCPATH\index.php(67): CodeIgniter\CodeIgniter->run()
10 SYSTEMPATH\Commands\Server\rewrite.php(46): require_once('FCPATH\\index.php')
CRITICAL - 2022-11-30 04:59:24 --> Undefined variable $msg
in APPPATH\Views\templates\home.php on line 228.
 1 APPPATH\Views\templates\home.php(228): CodeIgniter\Debug\Exceptions->errorHandler(2, 'Undefined variable $msg', 'APPPATH\\Views\\templates\\home.php', 228)
 2 SYSTEMPATH\View\View.php(213): include('APPPATH\\Views\\templates\\home.php')
 3 SYSTEMPATH\View\View.php(216): CodeIgniter\View\View->CodeIgniter\View\{closure}()
 4 SYSTEMPATH\Common.php(1134): CodeIgniter\View\View->render('templates/home', [], true)
 5 APPPATH\Controllers\Myhome.php(11): view('templates/home')
 6 SYSTEMPATH\CodeIgniter.php(927): App\Controllers\Myhome->index()
 7 SYSTEMPATH\CodeIgniter.php(482): CodeIgniter\CodeIgniter->runController(Object(App\Controllers\Myhome))
 8 SYSTEMPATH\CodeIgniter.php(351): CodeIgniter\CodeIgniter->handleRequest(null, Object(Config\Cache), false)
 9 FCPATH\index.php(67): CodeIgniter\CodeIgniter->run()
10 SYSTEMPATH\Commands\Server\rewrite.php(46): require_once('FCPATH\\index.php')
CRITICAL - 2022-11-30 04:59:24 --> Undefined variable $msg
in APPPATH\Views\templates\home.php on line 228.
 1 APPPATH\Views\templates\home.php(228): CodeIgniter\Debug\Exceptions->errorHandler(2, 'Undefined variable $msg', 'APPPATH\\Views\\templates\\home.php', 228)
 2 SYSTEMPATH\View\View.php(213): include('APPPATH\\Views\\templates\\home.php')
 3 SYSTEMPATH\View\View.php(216): CodeIgniter\View\View->CodeIgniter\View\{closure}()
 4 SYSTEMPATH\Common.php(1134): CodeIgniter\View\View->render('templates/home', [], true)
 5 APPPATH\Controllers\Myhome.php(11): view('templates/home')
 6 SYSTEMPATH\CodeIgniter.php(927): App\Controllers\Myhome->index()
 7 SYSTEMPATH\CodeIgniter.php(482): CodeIgniter\CodeIgniter->runController(Object(App\Controllers\Myhome))
 8 SYSTEMPATH\CodeIgniter.php(351): CodeIgniter\CodeIgniter->handleRequest(null, Object(Config\Cache), false)
 9 FCPATH\index.php(67): CodeIgniter\CodeIgniter->run()
10 SYSTEMPATH\Commands\Server\rewrite.php(46): require_once('FCPATH\\index.php')
CRITICAL - 2022-11-30 05:04:02 --> Undefined variable $msg
in APPPATH\Views\templates\home.php on line 228.
 1 APPPATH\Views\templates\home.php(228): CodeIgniter\Debug\Exceptions->errorHandler(2, 'Undefined variable $msg', 'APPPATH\\Views\\templates\\home.php', 228)
 2 SYSTEMPATH\View\View.php(213): include('APPPATH\\Views\\templates\\home.php')
 3 SYSTEMPATH\View\View.php(216): CodeIgniter\View\View->CodeIgniter\View\{closure}()
 4 SYSTEMPATH\Common.php(1134): CodeIgniter\View\View->render('templates/home', [], true)
 5 APPPATH\Controllers\Myhome.php(11): view('templates/home')
 6 SYSTEMPATH\CodeIgniter.php(927): App\Controllers\Myhome->index()
 7 SYSTEMPATH\CodeIgniter.php(482): CodeIgniter\CodeIgniter->runController(Object(App\Controllers\Myhome))
 8 SYSTEMPATH\CodeIgniter.php(351): CodeIgniter\CodeIgniter->handleRequest(null, Object(Config\Cache), false)
 9 FCPATH\index.php(67): CodeIgniter\CodeIgniter->run()
10 SYSTEMPATH\Commands\Server\rewrite.php(46): require_once('FCPATH\\index.php')
ERROR - 2022-11-30 05:06:59 --> mysqli_sql_exception: Duplicate entry 'rahul@gmail.com' for key 'email' in C:\xampp\htdocs\vedatrix\system\Database\MySQLi\Connection.php:292
Stack trace:
#0 C:\xampp\htdocs\vedatrix\system\Database\MySQLi\Connection.php(292): mysqli->query('INSERT INTO `co...', 0)
#1 C:\xampp\htdocs\vedatrix\system\Database\BaseConnection.php(666): CodeIgniter\Database\MySQLi\Connection->execute('INSERT INTO `co...')
#2 C:\xampp\htdocs\vedatrix\system\Database\BaseConnection.php(593): CodeIgniter\Database\BaseConnection->simpleQuery('INSERT INTO `co...')
#3 C:\xampp\htdocs\vedatrix\system\Database\BaseBuilder.php(1916): CodeIgniter\Database\BaseConnection->query('INSERT INTO `co...', Array, false)
#4 C:\xampp\htdocs\vedatrix\system\Model.php(279): CodeIgniter\Database\BaseBuilder->insert()
#5 C:\xampp\htdocs\vedatrix\system\BaseModel.php(749): CodeIgniter\Model->doInsert(Array)
#6 C:\xampp\htdocs\vedatrix\system\Model.php(667): CodeIgniter\BaseModel->insert(Array, false)
#7 C:\xampp\htdocs\vedatrix\app\Controllers\Myhome.php(32): CodeIgniter\Model->insert(Array, false)
#8 C:\xampp\htdocs\vedatrix\system\CodeIgniter.php(927): App\Controllers\Myhome->createContact()
#9 C:\xampp\htdocs\vedatrix\system\CodeIgniter.php(482): CodeIgniter\CodeIgniter->runController(Object(App\Controllers\Myhome))
#10 C:\xampp\htdocs\vedatrix\system\CodeIgniter.php(351): CodeIgniter\CodeIgniter->handleRequest(NULL, Object(Config\Cache), false)
#11 C:\xampp\htdocs\vedatrix\public\index.php(67): CodeIgniter\CodeIgniter->run()
#12 C:\xampp\htdocs\vedatrix\system\Commands\Server\rewrite.php(46): require_once('C:\\xampp\\htdocs...')
#13 {main}
ERROR - 2022-11-30 05:07:00 --> mysqli_sql_exception: Column 'email' cannot be null in C:\xampp\htdocs\vedatrix\system\Database\MySQLi\Connection.php:292
Stack trace:
#0 C:\xampp\htdocs\vedatrix\system\Database\MySQLi\Connection.php(292): mysqli->query('INSERT INTO `co...', 0)
#1 C:\xampp\htdocs\vedatrix\system\Database\BaseConnection.php(666): CodeIgniter\Database\MySQLi\Connection->execute('INSERT INTO `co...')
#2 C:\xampp\htdocs\vedatrix\system\Database\BaseConnection.php(593): CodeIgniter\Database\BaseConnection->simpleQuery('INSERT INTO `co...')
#3 C:\xampp\htdocs\vedatrix\system\Database\BaseBuilder.php(1916): CodeIgniter\Database\BaseConnection->query('INSERT INTO `co...', Array, false)
#4 C:\xampp\htdocs\vedatrix\system\Model.php(279): CodeIgniter\Database\BaseBuilder->insert()
#5 C:\xampp\htdocs\vedatrix\system\BaseModel.php(749): CodeIgniter\Model->doInsert(Array)
#6 C:\xampp\htdocs\vedatrix\system\Model.php(667): CodeIgniter\BaseModel->insert(Array, false)
#7 C:\xampp\htdocs\vedatrix\app\Controllers\Myhome.php(32): CodeIgniter\Model->insert(Array, false)
#8 C:\xampp\htdocs\vedatrix\system\CodeIgniter.php(927): App\Controllers\Myhome->createContact()
#9 C:\xampp\htdocs\vedatrix\system\CodeIgniter.php(482): CodeIgniter\CodeIgniter->runController(Object(App\Controllers\Myhome))
#10 C:\xampp\htdocs\vedatrix\system\CodeIgniter.php(351): CodeIgniter\CodeIgniter->handleRequest(NULL, Object(Config\Cache), false)
#11 C:\xampp\htdocs\vedatrix\public\index.php(67): CodeIgniter\CodeIgniter->run()
#12 C:\xampp\htdocs\vedatrix\system\Commands\Server\rewrite.php(46): require_once('C:\\xampp\\htdocs...')
#13 {main}
ERROR - 2022-11-30 05:12:24 --> mysqli_sql_exception: Column 'email' cannot be null in C:\xampp\htdocs\vedatrix\system\Database\MySQLi\Connection.php:292
Stack trace:
#0 C:\xampp\htdocs\vedatrix\system\Database\MySQLi\Connection.php(292): mysqli->query('INSERT INTO `co...', 0)
#1 C:\xampp\htdocs\vedatrix\system\Database\BaseConnection.php(666): CodeIgniter\Database\MySQLi\Connection->execute('INSERT INTO `co...')
#2 C:\xampp\htdocs\vedatrix\system\Database\BaseConnection.php(593): CodeIgniter\Database\BaseConnection->simpleQuery('INSERT INTO `co...')
#3 C:\xampp\htdocs\vedatrix\system\Database\BaseBuilder.php(1916): CodeIgniter\Database\BaseConnection->query('INSERT INTO `co...', Array, false)
#4 C:\xampp\htdocs\vedatrix\system\Model.php(279): CodeIgniter\Database\BaseBuilder->insert()
#5 C:\xampp\htdocs\vedatrix\system\BaseModel.php(749): CodeIgniter\Model->doInsert(Array)
#6 C:\xampp\htdocs\vedatrix\system\Model.php(667): CodeIgniter\BaseModel->insert(Array, false)
#7 C:\xampp\htdocs\vedatrix\app\Controllers\Myhome.php(32): CodeIgniter\Model->insert(Array, false)
#8 C:\xampp\htdocs\vedatrix\system\CodeIgniter.php(927): App\Controllers\Myhome->createContact()
#9 C:\xampp\htdocs\vedatrix\system\CodeIgniter.php(482): CodeIgniter\CodeIgniter->runController(Object(App\Controllers\Myhome))
#10 C:\xampp\htdocs\vedatrix\system\CodeIgniter.php(351): CodeIgniter\CodeIgniter->handleRequest(NULL, Object(Config\Cache), false)
#11 C:\xampp\htdocs\vedatrix\public\index.php(67): CodeIgniter\CodeIgniter->run()
#12 C:\xampp\htdocs\vedatrix\system\Commands\Server\rewrite.php(46): require_once('C:\\xampp\\htdocs...')
#13 {main}
ERROR - 2022-11-30 05:12:54 --> mysqli_sql_exception: Column 'email' cannot be null in C:\xampp\htdocs\vedatrix\system\Database\MySQLi\Connection.php:292
Stack trace:
#0 C:\xampp\htdocs\vedatrix\system\Database\MySQLi\Connection.php(292): mysqli->query('INSERT INTO `co...', 0)
#1 C:\xampp\htdocs\vedatrix\system\Database\BaseConnection.php(666): CodeIgniter\Database\MySQLi\Connection->execute('INSERT INTO `co...')
#2 C:\xampp\htdocs\vedatrix\system\Database\BaseConnection.php(593): CodeIgniter\Database\BaseConnection->simpleQuery('INSERT INTO `co...')
#3 C:\xampp\htdocs\vedatrix\system\Database\BaseBuilder.php(1916): CodeIgniter\Database\BaseConnection->query('INSERT INTO `co...', Array, false)
#4 C:\xampp\htdocs\vedatrix\system\Model.php(279): CodeIgniter\Database\BaseBuilder->insert()
#5 C:\xampp\htdocs\vedatrix\system\BaseModel.php(749): CodeIgniter\Model->doInsert(Array)
#6 C:\xampp\htdocs\vedatrix\system\Model.php(667): CodeIgniter\BaseModel->insert(Array, false)
#7 C:\xampp\htdocs\vedatrix\app\Controllers\Myhome.php(32): CodeIgniter\Model->insert(Array, false)
#8 C:\xampp\htdocs\vedatrix\system\CodeIgniter.php(927): App\Controllers\Myhome->createContact()
#9 C:\xampp\htdocs\vedatrix\system\CodeIgniter.php(482): CodeIgniter\CodeIgniter->runController(Object(App\Controllers\Myhome))
#10 C:\xampp\htdocs\vedatrix\system\CodeIgniter.php(351): CodeIgniter\CodeIgniter->handleRequest(NULL, Object(Config\Cache), false)
#11 C:\xampp\htdocs\vedatrix\public\index.php(67): CodeIgniter\CodeIgniter->run()
#12 C:\xampp\htdocs\vedatrix\system\Commands\Server\rewrite.php(46): require_once('C:\\xampp\\htdocs...')
#13 {main}
ERROR - 2022-11-30 05:13:22 --> mysqli_sql_exception: Duplicate entry '' for key 'email' in C:\xampp\htdocs\vedatrix\system\Database\MySQLi\Connection.php:292
Stack trace:
#0 C:\xampp\htdocs\vedatrix\system\Database\MySQLi\Connection.php(292): mysqli->query('INSERT INTO `co...', 0)
#1 C:\xampp\htdocs\vedatrix\system\Database\BaseConnection.php(666): CodeIgniter\Database\MySQLi\Connection->execute('INSERT INTO `co...')
#2 C:\xampp\htdocs\vedatrix\system\Database\BaseConnection.php(593): CodeIgniter\Database\BaseConnection->simpleQuery('INSERT INTO `co...')
#3 C:\xampp\htdocs\vedatrix\system\Database\BaseBuilder.php(1916): CodeIgniter\Database\BaseConnection->query('INSERT INTO `co...', Array, false)
#4 C:\xampp\htdocs\vedatrix\system\Model.php(279): CodeIgniter\Database\BaseBuilder->insert()
#5 C:\xampp\htdocs\vedatrix\system\BaseModel.php(749): CodeIgniter\Model->doInsert(Array)
#6 C:\xampp\htdocs\vedatrix\system\Model.php(667): CodeIgniter\BaseModel->insert(Array, false)
#7 C:\xampp\htdocs\vedatrix\app\Controllers\Myhome.php(32): CodeIgniter\Model->insert(Array, false)
#8 C:\xampp\htdocs\vedatrix\system\CodeIgniter.php(927): App\Controllers\Myhome->createContact()
#9 C:\xampp\htdocs\vedatrix\system\CodeIgniter.php(482): CodeIgniter\CodeIgniter->runController(Object(App\Controllers\Myhome))
#10 C:\xampp\htdocs\vedatrix\system\CodeIgniter.php(351): CodeIgniter\CodeIgniter->handleRequest(NULL, Object(Config\Cache), false)
#11 C:\xampp\htdocs\vedatrix\public\index.php(67): CodeIgniter\CodeIgniter->run()
#12 C:\xampp\htdocs\vedatrix\system\Commands\Server\rewrite.php(46): require_once('C:\\xampp\\htdocs...')
#13 {main}
ERROR - 2022-11-30 05:13:23 --> mysqli_sql_exception: Column 'email' cannot be null in C:\xampp\htdocs\vedatrix\system\Database\MySQLi\Connection.php:292
Stack trace:
#0 C:\xampp\htdocs\vedatrix\system\Database\MySQLi\Connection.php(292): mysqli->query('INSERT INTO `co...', 0)
#1 C:\xampp\htdocs\vedatrix\system\Database\BaseConnection.php(666): CodeIgniter\Database\MySQLi\Connection->execute('INSERT INTO `co...')
#2 C:\xampp\htdocs\vedatrix\system\Database\BaseConnection.php(593): CodeIgniter\Database\BaseConnection->simpleQuery('INSERT INTO `co...')
#3 C:\xampp\htdocs\vedatrix\system\Database\BaseBuilder.php(1916): CodeIgniter\Database\BaseConnection->query('INSERT INTO `co...', Array, false)
#4 C:\xampp\htdocs\vedatrix\system\Model.php(279): CodeIgniter\Database\BaseBuilder->insert()
#5 C:\xampp\htdocs\vedatrix\system\BaseModel.php(749): CodeIgniter\Model->doInsert(Array)
#6 C:\xampp\htdocs\vedatrix\system\Model.php(667): CodeIgniter\BaseModel->insert(Array, false)
#7 C:\xampp\htdocs\vedatrix\app\Controllers\Myhome.php(32): CodeIgniter\Model->insert(Array, false)
#8 C:\xampp\htdocs\vedatrix\system\CodeIgniter.php(927): App\Controllers\Myhome->createContact()
#9 C:\xampp\htdocs\vedatrix\system\CodeIgniter.php(482): CodeIgniter\CodeIgniter->runController(Object(App\Controllers\Myhome))
#10 C:\xampp\htdocs\vedatrix\system\CodeIgniter.php(351): CodeIgniter\CodeIgniter->handleRequest(NULL, Object(Config\Cache), false)
#11 C:\xampp\htdocs\vedatrix\public\index.php(67): CodeIgniter\CodeIgniter->run()
#12 C:\xampp\htdocs\vedatrix\system\Commands\Server\rewrite.php(46): require_once('C:\\xampp\\htdocs...')
#13 {main}
ERROR - 2022-11-30 05:14:42 --> mysqli_sql_exception: Duplicate entry '' for key 'email' in C:\xampp\htdocs\vedatrix\system\Database\MySQLi\Connection.php:292
Stack trace:
#0 C:\xampp\htdocs\vedatrix\system\Database\MySQLi\Connection.php(292): mysqli->query('INSERT INTO `co...', 0)
#1 C:\xampp\htdocs\vedatrix\system\Database\BaseConnection.php(666): CodeIgniter\Database\MySQLi\Connection->execute('INSERT INTO `co...')
#2 C:\xampp\htdocs\vedatrix\system\Database\BaseConnection.php(593): CodeIgniter\Database\BaseConnection->simpleQuery('INSERT INTO `co...')
#3 C:\xampp\htdocs\vedatrix\system\Database\BaseBuilder.php(1916): CodeIgniter\Database\BaseConnection->query('INSERT INTO `co...', Array, false)
#4 C:\xampp\htdocs\vedatrix\system\Model.php(279): CodeIgniter\Database\BaseBuilder->insert()
#5 C:\xampp\htdocs\vedatrix\system\BaseModel.php(749): CodeIgniter\Model->doInsert(Array)
#6 C:\xampp\htdocs\vedatrix\system\Model.php(667): CodeIgniter\BaseModel->insert(Array, false)
#7 C:\xampp\htdocs\vedatrix\app\Controllers\Myhome.php(32): CodeIgniter\Model->insert(Array, false)
#8 C:\xampp\htdocs\vedatrix\system\CodeIgniter.php(927): App\Controllers\Myhome->createContact()
#9 C:\xampp\htdocs\vedatrix\system\CodeIgniter.php(482): CodeIgniter\CodeIgniter->runController(Object(App\Controllers\Myhome))
#10 C:\xampp\htdocs\vedatrix\system\CodeIgniter.php(351): CodeIgniter\CodeIgniter->handleRequest(NULL, Object(Config\Cache), false)
#11 C:\xampp\htdocs\vedatrix\public\index.php(67): CodeIgniter\CodeIgniter->run()
#12 C:\xampp\htdocs\vedatrix\system\Commands\Server\rewrite.php(46): require_once('C:\\xampp\\htdocs...')
#13 {main}
ERROR - 2022-11-30 05:14:43 --> mysqli_sql_exception: Column 'email' cannot be null in C:\xampp\htdocs\vedatrix\system\Database\MySQLi\Connection.php:292
Stack trace:
#0 C:\xampp\htdocs\vedatrix\system\Database\MySQLi\Connection.php(292): mysqli->query('INSERT INTO `co...', 0)
#1 C:\xampp\htdocs\vedatrix\system\Database\BaseConnection.php(666): CodeIgniter\Database\MySQLi\Connection->execute('INSERT INTO `co...')
#2 C:\xampp\htdocs\vedatrix\system\Database\BaseConnection.php(593): CodeIgniter\Database\BaseConnection->simpleQuery('INSERT INTO `co...')
#3 C:\xampp\htdocs\vedatrix\system\Database\BaseBuilder.php(1916): CodeIgniter\Database\BaseConnection->query('INSERT INTO `co...', Array, false)
#4 C:\xampp\htdocs\vedatrix\system\Model.php(279): CodeIgniter\Database\BaseBuilder->insert()
#5 C:\xampp\htdocs\vedatrix\system\BaseModel.php(749): CodeIgniter\Model->doInsert(Array)
#6 C:\xampp\htdocs\vedatrix\system\Model.php(667): CodeIgniter\BaseModel->insert(Array, false)
#7 C:\xampp\htdocs\vedatrix\app\Controllers\Myhome.php(32): CodeIgniter\Model->insert(Array, false)
#8 C:\xampp\htdocs\vedatrix\system\CodeIgniter.php(927): App\Controllers\Myhome->createContact()
#9 C:\xampp\htdocs\vedatrix\system\CodeIgniter.php(482): CodeIgniter\CodeIgniter->runController(Object(App\Controllers\Myhome))
#10 C:\xampp\htdocs\vedatrix\system\CodeIgniter.php(351): CodeIgniter\CodeIgniter->handleRequest(NULL, Object(Config\Cache), false)
#11 C:\xampp\htdocs\vedatrix\public\index.php(67): CodeIgniter\CodeIgniter->run()
#12 C:\xampp\htdocs\vedatrix\system\Commands\Server\rewrite.php(46): require_once('C:\\xampp\\htdocs...')
#13 {main}
ERROR - 2022-11-30 05:17:21 --> mysqli_sql_exception: Column 'email' cannot be null in C:\xampp\htdocs\vedatrix\system\Database\MySQLi\Connection.php:292
Stack trace:
#0 C:\xampp\htdocs\vedatrix\system\Database\MySQLi\Connection.php(292): mysqli->query('INSERT INTO `co...', 0)
#1 C:\xampp\htdocs\vedatrix\system\Database\BaseConnection.php(666): CodeIgniter\Database\MySQLi\Connection->execute('INSERT INTO `co...')
#2 C:\xampp\htdocs\vedatrix\system\Database\BaseConnection.php(593): CodeIgniter\Database\BaseConnection->simpleQuery('INSERT INTO `co...')
#3 C:\xampp\htdocs\vedatrix\system\Database\BaseBuilder.php(1916): CodeIgniter\Database\BaseConnection->query('INSERT INTO `co...', Array, false)
#4 C:\xampp\htdocs\vedatrix\system\Model.php(279): CodeIgniter\Database\BaseBuilder->insert()
#5 C:\xampp\htdocs\vedatrix\system\BaseModel.php(749): CodeIgniter\Model->doInsert(Array)
#6 C:\xampp\htdocs\vedatrix\system\Model.php(667): CodeIgniter\BaseModel->insert(Array, false)
#7 C:\xampp\htdocs\vedatrix\app\Controllers\Myhome.php(32): CodeIgniter\Model->insert(Array, false)
#8 C:\xampp\htdocs\vedatrix\system\CodeIgniter.php(927): App\Controllers\Myhome->createContact()
#9 C:\xampp\htdocs\vedatrix\system\CodeIgniter.php(482): CodeIgniter\CodeIgniter->runController(Object(App\Controllers\Myhome))
#10 C:\xampp\htdocs\vedatrix\system\CodeIgniter.php(351): CodeIgniter\CodeIgniter->handleRequest(NULL, Object(Config\Cache), false)
#11 C:\xampp\htdocs\vedatrix\public\index.php(67): CodeIgniter\CodeIgniter->run()
#12 C:\xampp\htdocs\vedatrix\system\Commands\Server\rewrite.php(46): require_once('C:\\xampp\\htdocs...')
#13 {main}
ERROR - 2022-11-30 05:19:26 --> mysqli_sql_exception: Column 'email' cannot be null in C:\xampp\htdocs\vedatrix\system\Database\MySQLi\Connection.php:292
Stack trace:
#0 C:\xampp\htdocs\vedatrix\system\Database\MySQLi\Connection.php(292): mysqli->query('INSERT INTO `co...', 0)
#1 C:\xampp\htdocs\vedatrix\system\Database\BaseConnection.php(666): CodeIgniter\Database\MySQLi\Connection->execute('INSERT INTO `co...')
#2 C:\xampp\htdocs\vedatrix\system\Database\BaseConnection.php(593): CodeIgniter\Database\BaseConnection->simpleQuery('INSERT INTO `co...')
#3 C:\xampp\htdocs\vedatrix\system\Database\BaseBuilder.php(1916): CodeIgniter\Database\BaseConnection->query('INSERT INTO `co...', Array, false)
#4 C:\xampp\htdocs\vedatrix\system\Model.php(279): CodeIgniter\Database\BaseBuilder->insert()
#5 C:\xampp\htdocs\vedatrix\system\BaseModel.php(749): CodeIgniter\Model->doInsert(Array)
#6 C:\xampp\htdocs\vedatrix\system\Model.php(667): CodeIgniter\BaseModel->insert(Array, false)
#7 C:\xampp\htdocs\vedatrix\app\Controllers\Myhome.php(32): CodeIgniter\Model->insert(Array, false)
#8 C:\xampp\htdocs\vedatrix\system\CodeIgniter.php(927): App\Controllers\Myhome->createContact()
#9 C:\xampp\htdocs\vedatrix\system\CodeIgniter.php(482): CodeIgniter\CodeIgniter->runController(Object(App\Controllers\Myhome))
#10 C:\xampp\htdocs\vedatrix\system\CodeIgniter.php(351): CodeIgniter\CodeIgniter->handleRequest(NULL, Object(Config\Cache), false)
#11 C:\xampp\htdocs\vedatrix\public\index.php(67): CodeIgniter\CodeIgniter->run()
#12 C:\xampp\htdocs\vedatrix\system\Commands\Server\rewrite.php(46): require_once('C:\\xampp\\htdocs...')
#13 {main}
